  BT_Trang28.cpp
C:\BTap_Nhom6\BTChuong4\BT_Trang28\BT_Trang28\BT_Trang28.cpp(47,16): warning C4566: character represented by universal-character-name '\u1ECB' cannot be represented in the current code page (1258)
C:\BTap_Nhom6\BTChuong4\BT_Trang28\BT_Trang28\BT_Trang28.cpp(47,16): warning C4566: character represented by universal-character-name '\u1EE9' cannot be represented in the current code page (1258)
C:\BTap_Nhom6\BTChuong4\BT_Trang28\BT_Trang28\BT_Trang28.cpp(47,16): warning C4566: character represented by universal-character-name '\u1EE7' cannot be represented in the current code page (1258)
C:\BTap_Nhom6\BTChuong4\BT_Trang28\BT_Trang28\BT_Trang28.cpp(47,16): warning C4566: character represented by universal-character-name '\u1EA5' cannot be represented in the current code page (1258)
C:\BTap_Nhom6\BTChuong4\BT_Trang28\BT_Trang28\BT_Trang28.cpp(47,16): warning C4566: character represented by universal-character-name '\u1ED1' cannot be represented in the current code page (1258)
C:\BTap_Nhom6\BTChuong4\BT_Trang28\BT_Trang28\BT_Trang28.cpp(47,16): warning C4566: character represented by universal-character-name '\u1ED9' cannot be represented in the current code page (1258)
C:\BTap_Nhom6\BTChuong4\BT_Trang28\BT_Trang28\BT_Trang28.cpp(48,16): warning C4566: character represented by universal-character-name '\u1ECB' cannot be represented in the current code page (1258)
C:\BTap_Nhom6\BTChuong4\BT_Trang28\BT_Trang28\BT_Trang28.cpp(48,16): warning C4566: character represented by universal-character-name '\u1EE9' cannot be represented in the current code page (1258)
C:\BTap_Nhom6\BTChuong4\BT_Trang28\BT_Trang28\BT_Trang28.cpp(48,16): warning C4566: character represented by universal-character-name '\u1EE7' cannot be represented in the current code page (1258)
C:\BTap_Nhom6\BTChuong4\BT_Trang28\BT_Trang28\BT_Trang28.cpp(48,16): warning C4566: character represented by universal-character-name '\u1EA5' cannot be represented in the current code page (1258)
C:\BTap_Nhom6\BTChuong4\BT_Trang28\BT_Trang28\BT_Trang28.cpp(48,16): warning C4566: character represented by universal-character-name '\u1ED1' cannot be represented in the current code page (1258)
C:\BTap_Nhom6\BTChuong4\BT_Trang28\BT_Trang28\BT_Trang28.cpp(49,16): warning C4566: character represented by universal-character-name '\u1ECB' cannot be represented in the current code page (1258)
C:\BTap_Nhom6\BTChuong4\BT_Trang28\BT_Trang28\BT_Trang28.cpp(49,16): warning C4566: character represented by universal-character-name '\u1EE9' cannot be represented in the current code page (1258)
C:\BTap_Nhom6\BTChuong4\BT_Trang28\BT_Trang28\BT_Trang28.cpp(49,16): warning C4566: character represented by universal-character-name '\u1EE7' cannot be represented in the current code page (1258)
C:\BTap_Nhom6\BTChuong4\BT_Trang28\BT_Trang28\BT_Trang28.cpp(49,16): warning C4566: character represented by universal-character-name '\u00E3' cannot be represented in the current code page (1258)
C:\BTap_Nhom6\BTChuong4\BT_Trang28\BT_Trang28\BT_Trang28.cpp(51,16): warning C4566: character represented by universal-character-name '\u1ECD' cannot be represented in the current code page (1258)
C:\BTap_Nhom6\BTChuong4\BT_Trang28\BT_Trang28\BT_Trang28.cpp(51,16): warning C4566: character represented by universal-character-name '\u1ED9' cannot be represented in the current code page (1258)
C:\BTap_Nhom6\BTChuong4\BT_Trang28\BT_Trang28\BT_Trang28.cpp(56,20): warning C4566: character represented by universal-character-name '\u1EAD' cannot be represented in the current code page (1258)
C:\BTap_Nhom6\BTChuong4\BT_Trang28\BT_Trang28\BT_Trang28.cpp(61,20): warning C4566: character represented by universal-character-name '\u1EAD' cannot be represented in the current code page (1258)
C:\BTap_Nhom6\BTChuong4\BT_Trang28\BT_Trang28\BT_Trang28.cpp(66,20): warning C4566: character represented by universal-character-name '\u1EAD' cannot be represented in the current code page (1258)
C:\BTap_Nhom6\BTChuong4\BT_Trang28\BT_Trang28\BT_Trang28.cpp(68,20): warning C4566: character represented by universal-character-name '\u1ECB' cannot be represented in the current code page (1258)
C:\BTap_Nhom6\BTChuong4\BT_Trang28\BT_Trang28\BT_Trang28.cpp(68,20): warning C4566: character represented by universal-character-name '\u1EE9' cannot be represented in the current code page (1258)
C:\BTap_Nhom6\BTChuong4\BT_Trang28\BT_Trang28\BT_Trang28.cpp(68,20): warning C4566: character represented by universal-character-name '\u1EE7' cannot be represented in the current code page (1258)
C:\BTap_Nhom6\BTChuong4\BT_Trang28\BT_Trang28\BT_Trang28.cpp(68,20): warning C4566: character represented by universal-character-name '\u1EA5' cannot be represented in the current code page (1258)
C:\BTap_Nhom6\BTChuong4\BT_Trang28\BT_Trang28\BT_Trang28.cpp(68,20): warning C4566: character represented by universal-character-name '\u1ED1' cannot be represented in the current code page (1258)
C:\BTap_Nhom6\BTChuong4\BT_Trang28\BT_Trang28\BT_Trang28.cpp(68,20): warning C4566: character represented by universal-character-name '\u1ED9' cannot be represented in the current code page (1258)
C:\BTap_Nhom6\BTChuong4\BT_Trang28\BT_Trang28\BT_Trang28.cpp(71,20): warning C4566: character represented by universal-character-name '\u1EAD' cannot be represented in the current code page (1258)
C:\BTap_Nhom6\BTChuong4\BT_Trang28\BT_Trang28\BT_Trang28.cpp(73,20): warning C4566: character represented by universal-character-name '\u1ECB' cannot be represented in the current code page (1258)
C:\BTap_Nhom6\BTChuong4\BT_Trang28\BT_Trang28\BT_Trang28.cpp(73,20): warning C4566: character represented by universal-character-name '\u1EE9' cannot be represented in the current code page (1258)
C:\BTap_Nhom6\BTChuong4\BT_Trang28\BT_Trang28\BT_Trang28.cpp(73,20): warning C4566: character represented by universal-character-name '\u1EE7' cannot be represented in the current code page (1258)
C:\BTap_Nhom6\BTChuong4\BT_Trang28\BT_Trang28\BT_Trang28.cpp(73,20): warning C4566: character represented by universal-character-name '\u1EA5' cannot be represented in the current code page (1258)
C:\BTap_Nhom6\BTChuong4\BT_Trang28\BT_Trang28\BT_Trang28.cpp(73,20): warning C4566: character represented by universal-character-name '\u1ED1' cannot be represented in the current code page (1258)
C:\BTap_Nhom6\BTChuong4\BT_Trang28\BT_Trang28\BT_Trang28.cpp(76,20): warning C4566: character represented by universal-character-name '\u1EAD' cannot be represented in the current code page (1258)
C:\BTap_Nhom6\BTChuong4\BT_Trang28\BT_Trang28\BT_Trang28.cpp(78,20): warning C4566: character represented by universal-character-name '\u1ECB' cannot be represented in the current code page (1258)
C:\BTap_Nhom6\BTChuong4\BT_Trang28\BT_Trang28\BT_Trang28.cpp(78,20): warning C4566: character represented by universal-character-name '\u1EE9' cannot be represented in the current code page (1258)
C:\BTap_Nhom6\BTChuong4\BT_Trang28\BT_Trang28\BT_Trang28.cpp(78,20): warning C4566: character represented by universal-character-name '\u1EE7' cannot be represented in the current code page (1258)
C:\BTap_Nhom6\BTChuong4\BT_Trang28\BT_Trang28\BT_Trang28.cpp(78,20): warning C4566: character represented by universal-character-name '\u00E3' cannot be represented in the current code page (1258)
C:\BTap_Nhom6\BTChuong4\BT_Trang28\BT_Trang28\BT_Trang28.cpp(81,20): warning C4566: character represented by universal-character-name '\u00EC' cannot be represented in the current code page (1258)
C:\BTap_Nhom6\BTChuong4\BT_Trang28\BT_Trang28\BT_Trang28.cpp(84,20): warning C4566: character represented by universal-character-name '\u1ECD' cannot be represented in the current code page (1258)
C:\BTap_Nhom6\BTChuong4\BT_Trang28\BT_Trang28\BT_Trang28.cpp(84,20): warning C4566: character represented by universal-character-name '\u1EE3' cannot be represented in the current code page (1258)
C:\BTap_Nhom6\BTChuong4\BT_Trang28\BT_Trang28\BT_Trang28.cpp(84,20): warning C4566: character represented by universal-character-name '\u1EC7' cannot be represented in the current code page (1258)
C:\BTap_Nhom6\BTChuong4\BT_Trang28\BT_Trang28\BT_Trang28.cpp(84,20): warning C4566: character represented by universal-character-name '\u00F2' cannot be represented in the current code page (1258)
C:\BTap_Nhom6\BTChuong4\BT_Trang28\BT_Trang28\BT_Trang28.cpp(84,20): warning C4566: character represented by universal-character-name '\u1EA1' cannot be represented in the current code page (1258)
  BT_Trang28.vcxproj -> C:\BTap_Nhom6\BTChuong4\BT_Trang28\x64\Debug\BT_Trang28.exe
